<?xml version="1.0" encoding="UTF-8"?>
<!-- Generated by org.testng.reporters.JUnitReportReporter -->
<testsuite name="com.qa.testcases.AmazonMainPageTest" tests="5" time="28.211" ignored="0" failures="0" timestamp="10 Sep 2019 12:16:49 GMT" skipped="0" hostname="Arvind_Yadav_Laptop" errors="0">
  <testcase name="searchItemTest" time="5.182" classname="com.qa.testcases.AmazonMainPageTest"/>
  <testcase name="selectAppleIphone" time="0.336" classname="com.qa.testcases.AmazonMainPageTest"/>
  <testcase name="nevigateToFlipkartFormAzazon" time="21.063" classname="com.qa.testcases.AmazonMainPageTest"/>
  <testcase name="verifyAmazonTitlePageTest" time="0.064" classname="com.qa.testcases.AmazonMainPageTest"/>
  <testcase name="getPrice" time="1.566" classname="com.qa.testcases.AmazonMainPageTest"/>
</testsuite> <!-- com.qa.testcases.AmazonMainPageTest -->
