<?xml version="1.0" encoding="UTF-8"?>
<!-- Generated by org.testng.reporters.JUnitReportReporter -->
<testsuite name="com.qa.testcases.FlipKartMainPageTest" tests="3" time="12.340" ignored="0" failures="0" timestamp="10 Sep 2019 06:04:34 GMT" skipped="0" hostname="Arvind_Yadav_Laptop" errors="0">
  <testcase name="addToCartItemTest" time="9.292" classname="com.qa.testcases.FlipKartMainPageTest"/>
  <testcase name="validateTitlePageTest" time="0.020" classname="com.qa.testcases.FlipKartMainPageTest"/>
  <testcase name="selectItemTest" time="3.028" classname="com.qa.testcases.FlipKartMainPageTest"/>
</testsuite> <!-- com.qa.testcases.FlipKartMainPageTest -->
